0 info it worked if it ends with ok
1 verbose cli [ 'E:\\Program Files (x86)\\nodejs\\node.exe',
1 verbose cli   'E:\\Program Files (x86)\\nodejs\\node_modules\\npm\\bin\\npm-cli.js',
1 verbose cli   'install' ]
2 info using npm@3.10.10
3 info using node@v6.11.3
4 silly loadCurrentTree Starting
5 silly install loadCurrentTree
6 silly install readLocalPackageData
7 silly install normalizeTree
8 silly loadCurrentTree Finishing
9 silly loadIdealTree Starting
10 silly install loadIdealTree
11 silly cloneCurrentTree Starting
12 silly install cloneCurrentTreeToIdealTree
13 silly cloneCurrentTree Finishing
14 silly loadShrinkwrap Starting
15 silly install loadShrinkwrap
16 silly loadShrinkwrap Finishing
17 silly loadAllDepsIntoIdealTree Starting
18 silly install loadAllDepsIntoIdealTree
19 silly fetchNamedPackageData mysql
20 silly mapToRegistry name mysql
21 silly mapToRegistry using default registry
22 silly mapToRegistry registry https://registry.npmjs.org/
23 silly mapToRegistry data Result {
23 silly mapToRegistry   raw: 'mysql',
23 silly mapToRegistry   scope: null,
23 silly mapToRegistry   escapedName: 'mysql',
23 silly mapToRegistry   name: 'mysql',
23 silly mapToRegistry   rawSpec: '',
23 silly mapToRegistry   spec: 'latest',
23 silly mapToRegistry   type: 'tag' }
24 silly mapToRegistry uri https://registry.npmjs.org/mysql
25 verbose request uri https://registry.npmjs.org/mysql
26 verbose request no auth needed
27 info attempt registry request try #1 at 14:50:21
28 verbose request id 565e738354de4368
29 verbose etag W/"59bcb58a-2347e"
30 verbose lastModified Sat, 16 Sep 2017 05:24:26 GMT
31 http request GET https://registry.npmjs.org/mysql
32 verbose stack Error: kill ENOSYS
32 verbose stack     at exports._errnoException (util.js:1020:11)
32 verbose stack     at process.kill (internal/process.js:190:13)
32 verbose stack     at process.listener (E:\Program Files (x86)\nodejs\node_modules\npm\node_modules\npmlog\node_modules\gauge\node_modules\signal-exit\index.js:86:15)
32 verbose stack     at emitNone (events.js:91:20)
32 verbose stack     at process.emit (events.js:185:7)
32 verbose stack     at processEmit (E:\Program Files (x86)\nodejs\node_modules\npm\node_modules\npmlog\node_modules\gauge\node_modules\signal-exit\index.js:146:32)
32 verbose stack     at processEmit (E:\Program Files (x86)\nodejs\node_modules\npm\node_modules\npm-registry-client\node_modules\npmlog\node_modules\gauge\node_modules\signal-exit\index.js:146:32)
32 verbose stack     at Signal.wrap.onsignal (internal/process.js:217:44)
33 verbose cwd G:\node\mysql\mysql
34 error Windows_NT 10.0.14393
35 error argv "E:\\Program Files (x86)\\nodejs\\node.exe" "E:\\Program Files (x86)\\nodejs\\node_modules\\npm\\bin\\npm-cli.js" "install"
36 error node v6.11.3
37 error npm  v3.10.10
38 error code ENOSYS
39 error errno ENOSYS
40 error syscall kill
41 error kill ENOSYS
42 error If you need help, you may report this error at:
42 error     <https://github.com/npm/npm/issues>
43 verbose exit [ 1, true ]
